Determining if the pthread_create exist failed with the following output:
Change Dir: /mnt/c/Users/DELL/code/gui/CMakeFiles/CMakeTmp

Run Build Command:"/usr/bin/make" "cmTC_b009d/fast"
/usr/bin/make -f CMakeFiles/cmTC_b009d.dir/build.make CMakeFiles/cmTC_b009d.dir/build
make[1]: Entering directory '/mnt/c/Users/DELL/code/gui/CMakeFiles/CMakeTmp'
Building C object CMakeFiles/cmTC_b009d.dir/CheckSymbolExists.c.o
/usr/bin/cc    -o CMakeFiles/cmTC_b009d.dir/CheckSymbolExists.c.o   -c /mnt/c/Users/DELL/code/gui/CMakeFiles/CMakeTmp/CheckSymbolExists.c
Linking C executable cmTC_b009d
/usr/bin/cmake -E cmake_link_script CMakeFiles/cmTC_b009d.dir/link.txt --verbose=1
/usr/bin/cc      CMakeFiles/cmTC_b009d.dir/CheckSymbolExists.c.o  -o cmTC_b009d 
CMakeFiles/cmTC_b009d.dir/CheckSymbolExists.c.o: In function `main':
CheckSymbolExists.c:(.text+0x1b): undefined reference to `pthread_create'
collect2: error: ld returned 1 exit status
CMakeFiles/cmTC_b009d.dir/build.make:97: recipe for target 'cmTC_b009d' failed
make[1]: *** [cmTC_b009d] Error 1
make[1]: Leaving directory '/mnt/c/Users/DELL/code/gui/CMakeFiles/CMakeTmp'
Makefile:126: recipe for target 'cmTC_b009d/fast' failed
make: *** [cmTC_b009d/fast] Error 2

File /mnt/c/Users/DELL/code/gui/CMakeFiles/CMakeTmp/CheckSymbolExists.c:
/* */
#include <pthread.h>

int main(int argc, char** argv)
{
  (void)argv;
#ifndef pthread_create
  return ((int*)(&pthread_create))[argc];
#else
  (void)argc;
  return 0;
#endif
}

Determining if the function pthread_create exists in the pthreads failed with the following output:
Change Dir: /mnt/c/Users/DELL/code/gui/CMakeFiles/CMakeTmp

Run Build Command:"/usr/bin/make" "cmTC_13efe/fast"
/usr/bin/make -f CMakeFiles/cmTC_13efe.dir/build.make CMakeFiles/cmTC_13efe.dir/build
make[1]: Entering directory '/mnt/c/Users/DELL/code/gui/CMakeFiles/CMakeTmp'
Building C object CMakeFiles/cmTC_13efe.dir/CheckFunctionExists.c.o
/usr/bin/cc   -DCHECK_FUNCTION_EXISTS=pthread_create   -o CMakeFiles/cmTC_13efe.dir/CheckFunctionExists.c.o   -c /usr/share/cmake-3.10/Modules/CheckFunctionExists.c
Linking C executable cmTC_13efe
/usr/bin/cmake -E cmake_link_script CMakeFiles/cmTC_13efe.dir/link.txt --verbose=1
/usr/bin/cc  -DCHECK_FUNCTION_EXISTS=pthread_create    CMakeFiles/cmTC_13efe.dir/CheckFunctionExists.c.o  -o cmTC_13efe -lpthreads 
/usr/bin/ld: cannot find -lpthreads
collect2: error: ld returned 1 exit status
CMakeFiles/cmTC_13efe.dir/build.make:97: recipe for target 'cmTC_13efe' failed
make[1]: *** [cmTC_13efe] Error 1
make[1]: Leaving directory '/mnt/c/Users/DELL/code/gui/CMakeFiles/CMakeTmp'
Makefile:126: recipe for target 'cmTC_13efe/fast' failed
make: *** [cmTC_13efe/fast] Error 2


Determining if the pthread_create exist failed with the following output:
Change Dir: /mnt/c/Users/DELL/code/gui/CMakeFiles/CMakeTmp

Run Build Command:"/usr/bin/make" "cmTC_bcca9/fast"
/usr/bin/make -f CMakeFiles/cmTC_bcca9.dir/build.make CMakeFiles/cmTC_bcca9.dir/build
make[1]: Entering directory '/mnt/c/Users/DELL/code/gui/CMakeFiles/CMakeTmp'
Building C object CMakeFiles/cmTC_bcca9.dir/CheckSymbolExists.c.o
/usr/bin/cc    -o CMakeFiles/cmTC_bcca9.dir/CheckSymbolExists.c.o   -c /mnt/c/Users/DELL/code/gui/CMakeFiles/CMakeTmp/CheckSymbolExists.c
Linking C executable cmTC_bcca9
/usr/bin/cmake -E cmake_link_script CMakeFiles/cmTC_bcca9.dir/link.txt --verbose=1
/usr/bin/cc      CMakeFiles/cmTC_bcca9.dir/CheckSymbolExists.c.o  -o cmTC_bcca9 
CMakeFiles/cmTC_bcca9.dir/CheckSymbolExists.c.o: In function `main':
CheckSymbolExists.c:(.text+0x1b): undefined reference to `pthread_create'
collect2: error: ld returned 1 exit status
CMakeFiles/cmTC_bcca9.dir/build.make:97: recipe for target 'cmTC_bcca9' failed
make[1]: *** [cmTC_bcca9] Error 1
make[1]: Leaving directory '/mnt/c/Users/DELL/code/gui/CMakeFiles/CMakeTmp'
Makefile:126: recipe for target 'cmTC_bcca9/fast' failed
make: *** [cmTC_bcca9/fast] Error 2

File /mnt/c/Users/DELL/code/gui/CMakeFiles/CMakeTmp/CheckSymbolExists.c:
/* */
#include <pthread.h>

int main(int argc, char** argv)
{
  (void)argv;
#ifndef pthread_create
  return ((int*)(&pthread_create))[argc];
#else
  (void)argc;
  return 0;
#endif
}

Determining if the function pthread_create exists in the pthreads failed with the following output:
Change Dir: /mnt/c/Users/DELL/code/gui/CMakeFiles/CMakeTmp

Run Build Command:"/usr/bin/make" "cmTC_e3b72/fast"
/usr/bin/make -f CMakeFiles/cmTC_e3b72.dir/build.make CMakeFiles/cmTC_e3b72.dir/build
make[1]: Entering directory '/mnt/c/Users/DELL/code/gui/CMakeFiles/CMakeTmp'
Building C object CMakeFiles/cmTC_e3b72.dir/CheckFunctionExists.c.o
/usr/bin/cc   -DCHECK_FUNCTION_EXISTS=pthread_create   -o CMakeFiles/cmTC_e3b72.dir/CheckFunctionExists.c.o   -c /usr/share/cmake-3.10/Modules/CheckFunctionExists.c
Linking C executable cmTC_e3b72
/usr/bin/cmake -E cmake_link_script CMakeFiles/cmTC_e3b72.dir/link.txt --verbose=1
/usr/bin/cc  -DCHECK_FUNCTION_EXISTS=pthread_create    CMakeFiles/cmTC_e3b72.dir/CheckFunctionExists.c.o  -o cmTC_e3b72 -lpthreads 
/usr/bin/ld: cannot find -lpthreads
collect2: error: ld returned 1 exit status
CMakeFiles/cmTC_e3b72.dir/build.make:97: recipe for target 'cmTC_e3b72' failed
make[1]: *** [cmTC_e3b72] Error 1
make[1]: Leaving directory '/mnt/c/Users/DELL/code/gui/CMakeFiles/CMakeTmp'
Makefile:126: recipe for target 'cmTC_e3b72/fast' failed
make: *** [cmTC_e3b72/fast] Error 2


